<?xml version="1.0" encoding="UTF-8"?>
<!-- Generated by org.testng.reporters.JUnitReportReporter -->
<testsuite hostname="DESKTOP-NJ97IE9" failures="0" tests="4" name="api.testcases.UserTest" time="7.164" errors="0" timestamp="2023-09-01T17:02:07 IST" skipped="0">
  <testcase classname="api.testcases.UserTest" name="testCreateUser" time="2.457"/>
  <system-out/>
  <testcase classname="api.testcases.UserTest" name="testGetUserData" time="1.218"/>
  <system-out/>
  <testcase classname="api.testcases.UserTest" name="testUpdateUser" time="2.374"/>
  <system-out/>
  <testcase classname="api.testcases.UserTest" name="testDeleteUser" time="1.115"/>
  <system-out/>
</testsuite> <!-- api.testcases.UserTest -->
