<?xml version="1.0" encoding="UTF-8"?>
<!-- Generated by org.testng.reporters.JUnitReportReporter -->
<testsuite hostname="DESKTOP-NJ97IE9" failures="0" tests="4" name="api.testcases.UserTest" time="8.858" errors="0" timestamp="2023-09-02T12:03:40 IST" skipped="0">
  <testcase classname="api.testcases.UserTest" name="testCreateUser" time="3.016"/>
  <system-out/>
  <testcase classname="api.testcases.UserTest" name="testGetUserData" time="1.444"/>
  <system-out/>
  <testcase classname="api.testcases.UserTest" name="testUpdateUser" time="2.910"/>
  <system-out/>
  <testcase classname="api.testcases.UserTest" name="testDeleteUser" time="1.488"/>
  <system-out/>
</testsuite> <!-- api.testcases.UserTest -->
